Arguments: 
  /usr/bin/nodejs /usr/share/yarn/bin/yarn.js add font-awesome

PATH: 
  /usr/local/bin:/usr/bin:/bin:/usr/local/games:/usr/games

Yarn version: 
  0.24.5

Node version: 
  6.10.3

Platform: 
  linux x64

npm manifest: 
  {
      "devDependencies": {
          "gulp": "^3.9.1",
          "gulp-connect": "^5.5.0",
          "gulp-pug": "^3.3.0",
          "gulp-ruby-sass": "^3.0.0",
          "gulp-uglify": "^3.0.0"
      },
      "name": "myPage",
      "version": "1.0.0",
      "description": "My Personal Page",
      "main": "index.js",
      "repository": "https://github.com/chrisjcom/chrisjcom.github.io.git",
      "author": "Jhossymar Contreras <chrisj_contreras@outlook.com>",
      "license": "MIT"
  }

yarn manifest: 
  No manifest

Lockfile: 
  No lockfile

Trace: 
  Error: EACCES: permission denied, mkdir '/home/jhossymar/Documentos/git/chrisjcom.github.io/node_modules/finalhandler/node_modules'
      at Error (native)
